生成启动时间为 2015/12/29 19:35:58。
     1>项目“F:\private\jni_demo\Jni_Lib\Jni_Lib\Jni_Lib.vcxproj”在节点 2 上(Build 个目标)。
     1>ClCompile:
         F:\installed\vs2012\VC\bin\x86_amd64\CL.exe /c /Zi /nologo /W3 /WX- /Od /D WIN32 /D _DEBUG /D _WINDOWS /D _USRDLL /D JNI_LIB_EXPORTS /D _WINDLL /D _UNICODE /D UNICODE /Gm /EHsc /RTC1 /MTd /GS /fp:precise /Zc:wchar_t /Zc:forScope /Fo"x64\Debug\\" /Fd"x64\Debug\vc110.pdb" /Gd /TP /errorReport:prompt jni\cn_dcs_leef_jni_NativeTool.cpp jni\JniUtils.cpp
         JniUtils.cpp
         cn_dcs_leef_jni_NativeTool.cpp
     1>jni\cn_dcs_leef_jni_NativeTool.cpp(20): error C2733: “printMyCharArray”: 不允许重载函数的第二个 C 链接
                 jni\cn_dcs_leef_jni_NativeTool.cpp(13) : 参见“printMyCharArray”的声明
     1>jni\cn_dcs_leef_jni_NativeTool.cpp(45): error C2059: 语法错误:“)”
     1>jni\cn_dcs_leef_jni_NativeTool.cpp(67): warning C4267: “参数”: 从“size_t”转换到“jsize”，可能丢失数据
     1>jni\cn_dcs_leef_jni_NativeTool.cpp(68): warning C4267: “参数”: 从“size_t”转换到“jsize”，可能丢失数据
         正在生成代码...
     1>已完成生成项目“F:\private\jni_demo\Jni_Lib\Jni_Lib\Jni_Lib.vcxproj”(Build 个目标)的操作 - 失败。

生成失败。

已用时间 00:00:02.40
